[ 2022-03-31T09:30:10+08:00 ] 192.168.0.139 /flower-php/index.php/Home/Signup/login
INFO: [ app_begin ] --START--
INFO: Run Behavior\ReadHtmlCache [ RunTime:0.000681s ]
INFO: [ app_begin ] --END-- [ RunTime:0.001820s ]
SQL: SHOW COLUMNS FROM `user` [ RunTime:0.009779s ]
SQL: SELECT * FROM `user` WHERE (  userName =  '孙' ) LIMIT 1   [ RunTime:0.011464s ]
SQL: UPDATE `user` SET `token`='79e057c4d50d90a41eda93621662499d',`mtime`=1648690210 WHERE ( id=5 ) [ RunTime:0.015002s ]

[ 2022-03-31T09:30:11+08:00 ] 192.168.0.139 /flower-php/index.php/Home/Signup/userinfo
INFO: [ app_begin ] --START--
INFO: Run Behavior\ReadHtmlCache [ RunTime:0.000991s ]
INFO: [ app_begin ] --END-- [ RunTime:0.002478s ]
SQL: SHOW COLUMNS FROM `user` [ RunTime:0.010982s ]
SQL: SELECT * FROM `user` WHERE (  id =  '5' ) LIMIT 1   [ RunTime:0.010590s ]

[ 2022-03-31T09:30:31+08:00 ] 192.168.0.139 /flower-php/index.php/Home/Shoppingcart/cartlist
INFO: [ app_begin ] --START--
INFO: Run Behavior\ReadHtmlCache [ RunTime:0.002278s ]
INFO: [ app_begin ] --END-- [ RunTime:0.005646s ]
SQL: SHOW COLUMNS FROM `user` [ RunTime:0.012627s ]
SQL: SELECT * FROM `user` WHERE (  id =  '5' ) LIMIT 1   [ RunTime:0.010684s ]
SQL: SHOW COLUMNS FROM `shoppingcart` [ RunTime:0.011095s ]
SQL: SELECT * FROM `shoppingcart` WHERE ( uid = 5 )  [ RunTime:0.011199s ]
SQL: SHOW COLUMNS FROM `goods` [ RunTime:0.010955s ]
SQL: SHOW COLUMNS FROM `goodsimg` [ RunTime:0.011443s ]
SQL: SHOW COLUMNS FROM `goodstype` [ RunTime:0.011356s ]
SQL: SELECT * FROM `goods` WHERE ( id = 1 ) LIMIT 1   [ RunTime:0.011064s ]
SQL: SELECT `img_url` FROM `goodsimg` WHERE ( goods_id = 1 )  [ RunTime:0.010387s ]
SQL: SELECT * FROM `goodstype` WHERE ( id = 37 )  [ RunTime:0.010163s ]
SQL: SELECT * FROM `goods` WHERE ( id = 10 ) LIMIT 1   [ RunTime:0.010947s ]
SQL: SELECT `img_url` FROM `goodsimg` WHERE ( goods_id = 10 )  [ RunTime:0.010164s ]
SQL: SELECT * FROM `goodstype` WHERE ( id = 37 )  [ RunTime:0.010870s ]

[ 2022-03-31T09:31:40+08:00 ] 192.168.0.139 /flower-php/index.php/Home/Goods/list
INFO: [ app_begin ] --START--
INFO: Run Behavior\ReadHtmlCache [ RunTime:0.000739s ]
INFO: [ app_begin ] --END-- [ RunTime:0.001842s ]
NOTIC: [8] Undefined index: page C:\phpStudy\PHPTutorial\WWW\flower-php\Application\Home\Controller\GoodsController.class.php 第 18 行.
NOTIC: [8] Undefined index: type C:\phpStudy\PHPTutorial\WWW\flower-php\Application\Home\Controller\GoodsController.class.php 第 19 行.
SQL: SHOW COLUMNS FROM `goods` [ RunTime:0.011837s ]
SQL: SELECT * FROM `goods` WHERE ( counts > 0  ) LIMIT 0,10   [ RunTime:0.013920s ]

[ 2022-03-31T09:31:43+08:00 ] 192.168.0.139 /flower-php/index.php/Home/Goods/gettype
INFO: [ app_begin ] --START--
INFO: Run Behavior\ReadHtmlCache [ RunTime:0.000931s ]
INFO: [ app_begin ] --END-- [ RunTime:0.002214s ]
SQL: SHOW COLUMNS FROM `goodstype` [ RunTime:0.011840s ]
SQL: SELECT * FROM `goodstype`  [ RunTime:0.021445s ]

[ 2022-03-31T09:31:44+08:00 ] 192.168.0.139 /flower-php/index.php/Home/Goods/list
INFO: [ app_begin ] --START--
INFO: Run Behavior\ReadHtmlCache [ RunTime:0.001162s ]
INFO: [ app_begin ] --END-- [ RunTime:0.002051s ]
NOTIC: [8] Undefined index: page C:\phpStudy\PHPTutorial\WWW\flower-php\Application\Home\Controller\GoodsController.class.php 第 18 行.
NOTIC: [8] Undefined index: type C:\phpStudy\PHPTutorial\WWW\flower-php\Application\Home\Controller\GoodsController.class.php 第 19 行.
SQL: SHOW COLUMNS FROM `goods` [ RunTime:0.012718s ]
SQL: SELECT * FROM `goods` WHERE ( counts > 0  ) LIMIT 0,10   [ RunTime:0.013733s ]

[ 2022-03-31T09:32:14+08:00 ] 192.168.0.139 /flower-php/index.php/Home/Goods/list
INFO: [ app_begin ] --START--
INFO: Run Behavior\ReadHtmlCache [ RunTime:0.001363s ]
INFO: [ app_begin ] --END-- [ RunTime:0.003526s ]
NOTIC: [8] Undefined index: page C:\phpStudy\PHPTutorial\WWW\flower-php\Application\Home\Controller\GoodsController.class.php 第 18 行.
NOTIC: [8] Undefined index: type C:\phpStudy\PHPTutorial\WWW\flower-php\Application\Home\Controller\GoodsController.class.php 第 19 行.
SQL: SHOW COLUMNS FROM `goods` [ RunTime:0.010068s ]
SQL: SELECT * FROM `goods` WHERE ( counts > 0  ) LIMIT 0,10   [ RunTime:0.010037s ]

[ 2022-03-31T09:32:21+08:00 ] 192.168.0.139 /flower-php/index.php/Home/Goods/goodsinfo
INFO: [ app_begin ] --START--
INFO: Run Behavior\ReadHtmlCache [ RunTime:0.000517s ]
INFO: [ app_begin ] --END-- [ RunTime:0.001294s ]
SQL: SHOW COLUMNS FROM `goods` [ RunTime:0.223328s ]
SQL: SELECT * FROM `goods` WHERE ( id = 11 ) LIMIT 1   [ RunTime:0.010525s ]
SQL: SHOW COLUMNS FROM `goodsimg` [ RunTime:0.011683s ]
SQL: SELECT `img_url` FROM `goodsimg` WHERE ( goods_id = 11 )  [ RunTime:0.010239s ]
SQL: SHOW COLUMNS FROM `goodstype` [ RunTime:0.014131s ]
SQL: SELECT * FROM `goodstype` WHERE ( id = 37 )  [ RunTime:0.010751s ]

[ 2022-03-31T09:41:51+08:00 ] 192.168.0.139 /flower-php/index.php/Home/Goods/list
INFO: [ app_begin ] --START--
INFO: Run Behavior\ReadHtmlCache [ RunTime:0.001006s ]
INFO: [ app_begin ] --END-- [ RunTime:0.002755s ]
NOTIC: [8] Undefined index: page C:\phpStudy\PHPTutorial\WWW\flower-php\Application\Home\Controller\GoodsController.class.php 第 18 行.
NOTIC: [8] Undefined index: type C:\phpStudy\PHPTutorial\WWW\flower-php\Application\Home\Controller\GoodsController.class.php 第 19 行.
SQL: SHOW COLUMNS FROM `goods` [ RunTime:0.023772s ]
SQL: SELECT * FROM `goods` WHERE ( counts > 0  ) LIMIT 0,10   [ RunTime:0.017717s ]

[ 2022-03-31T09:42:18+08:00 ] 192.168.0.139 /flower-php/index.php/Home/Signup/login
INFO: [ app_begin ] --START--
INFO: Run Behavior\ReadHtmlCache [ RunTime:0.003625s ]
INFO: [ app_begin ] --END-- [ RunTime:0.007375s ]
SQL: SHOW COLUMNS FROM `user` [ RunTime:0.015683s ]
SQL: SELECT * FROM `user` WHERE (  userName =  '孙' ) LIMIT 1   [ RunTime:0.012255s ]
SQL: UPDATE `user` SET `token`='e54b84194136e83206e6d9a19778b219',`mtime`=1648690938 WHERE ( id=5 ) [ RunTime:0.012818s ]

[ 2022-03-31T09:42:18+08:00 ] 192.168.0.139 /flower-php/index.php/Home/Signup/userinfo
INFO: [ app_begin ] --START--
INFO: Run Behavior\ReadHtmlCache [ RunTime:0.000594s ]
INFO: [ app_begin ] --END-- [ RunTime:0.001565s ]
SQL: SHOW COLUMNS FROM `user` [ RunTime:0.014991s ]
SQL: SELECT * FROM `user` WHERE (  id =  '5' ) LIMIT 1   [ RunTime:0.009910s ]

[ 2022-03-31T09:42:20+08:00 ] 192.168.0.139 /flower-php/index.php/Home/Shoppingcart/cartlist
INFO: [ app_begin ] --START--
INFO: Run Behavior\ReadHtmlCache [ RunTime:0.000537s ]
INFO: [ app_begin ] --END-- [ RunTime:0.001345s ]
SQL: SHOW COLUMNS FROM `user` [ RunTime:0.009390s ]
SQL: SELECT * FROM `user` WHERE (  id =  '5' ) LIMIT 1   [ RunTime:0.010777s ]
SQL: SHOW COLUMNS FROM `shoppingcart` [ RunTime:0.010057s ]
SQL: SELECT * FROM `shoppingcart` WHERE ( uid = 5 )  [ RunTime:0.013046s ]
SQL: SHOW COLUMNS FROM `goods` [ RunTime:0.010558s ]
SQL: SHOW COLUMNS FROM `goodsimg` [ RunTime:0.010089s ]
SQL: SHOW COLUMNS FROM `goodstype` [ RunTime:0.010699s ]
SQL: SELECT * FROM `goods` WHERE ( id = 1 ) LIMIT 1   [ RunTime:0.013225s ]
SQL: SELECT `img_url` FROM `goodsimg` WHERE ( goods_id = 1 )  [ RunTime:0.015874s ]
SQL: SELECT * FROM `goodstype` WHERE ( id = 37 )  [ RunTime:0.014335s ]
SQL: SELECT * FROM `goods` WHERE ( id = 10 ) LIMIT 1   [ RunTime:0.009587s ]
SQL: SELECT `img_url` FROM `goodsimg` WHERE ( goods_id = 10 )  [ RunTime:0.009949s ]
SQL: SELECT * FROM `goodstype` WHERE ( id = 37 )  [ RunTime:0.010180s ]

[ 2022-03-31T14:37:00+08:00 ] 192.168.0.139 /flower-php/index.php/Home/Shoppingcart/cartlist
INFO: [ app_begin ] --START--
INFO: Run Behavior\ReadHtmlCache [ RunTime:0.001222s ]
INFO: [ app_begin ] --END-- [ RunTime:0.003533s ]
SQL: SHOW COLUMNS FROM `user` [ RunTime:0.020116s ]
SQL: SELECT * FROM `user` WHERE (  id =  '5' ) LIMIT 1   [ RunTime:0.011249s ]
SQL: SHOW COLUMNS FROM `shoppingcart` [ RunTime:0.013711s ]
SQL: SELECT * FROM `shoppingcart` WHERE ( uid = 5 )  [ RunTime:0.010272s ]
SQL: SHOW COLUMNS FROM `goods` [ RunTime:0.016866s ]
SQL: SHOW COLUMNS FROM `goodsimg` [ RunTime:0.015960s ]
SQL: SHOW COLUMNS FROM `goodstype` [ RunTime:0.011546s ]
SQL: SELECT * FROM `goods` WHERE ( id = 1 ) LIMIT 1   [ RunTime:0.013152s ]
SQL: SELECT `img_url` FROM `goodsimg` WHERE ( goods_id = 1 )  [ RunTime:0.018387s ]
SQL: SELECT * FROM `goodstype` WHERE ( id = 37 )  [ RunTime:0.016542s ]
SQL: SELECT * FROM `goods` WHERE ( id = 10 ) LIMIT 1   [ RunTime:0.016571s ]
SQL: SELECT `img_url` FROM `goodsimg` WHERE ( goods_id = 10 )  [ RunTime:0.015121s ]
SQL: SELECT * FROM `goodstype` WHERE ( id = 37 )  [ RunTime:0.019333s ]

[ 2022-03-31T14:37:03+08:00 ] 192.168.0.139 /flower-php/index.php/Home/Goods/list
INFO: [ app_begin ] --START--
INFO: Run Behavior\ReadHtmlCache [ RunTime:0.001348s ]
INFO: [ app_begin ] --END-- [ RunTime:0.003389s ]
NOTIC: [8] Undefined index: page C:\phpStudy\PHPTutorial\WWW\flower-php\Application\Home\Controller\GoodsController.class.php 第 18 行.
NOTIC: [8] Undefined index: type C:\phpStudy\PHPTutorial\WWW\flower-php\Application\Home\Controller\GoodsController.class.php 第 19 行.
SQL: SHOW COLUMNS FROM `goods` [ RunTime:0.023946s ]
SQL: SELECT * FROM `goods` WHERE ( counts > 0  ) LIMIT 0,10   [ RunTime:0.019498s ]

[ 2022-03-31T14:37:06+08:00 ] 192.168.0.139 /flower-php/index.php/Home/Shoppingcart/cartlist
INFO: [ app_begin ] --START--
INFO: Run Behavior\ReadHtmlCache [ RunTime:0.000509s ]
INFO: [ app_begin ] --END-- [ RunTime:0.001215s ]
SQL: SHOW COLUMNS FROM `user` [ RunTime:0.011586s ]
SQL: SELECT * FROM `user` WHERE (  id =  '5' ) LIMIT 1   [ RunTime:0.019897s ]
SQL: SHOW COLUMNS FROM `shoppingcart` [ RunTime:0.011849s ]
SQL: SELECT * FROM `shoppingcart` WHERE ( uid = 5 )  [ RunTime:0.012378s ]
SQL: SHOW COLUMNS FROM `goods` [ RunTime:0.012472s ]
SQL: SHOW COLUMNS FROM `goodsimg` [ RunTime:0.013244s ]
SQL: SHOW COLUMNS FROM `goodstype` [ RunTime:0.014085s ]
SQL: SELECT * FROM `goods` WHERE ( id = 1 ) LIMIT 1   [ RunTime:0.014118s ]
SQL: SELECT `img_url` FROM `goodsimg` WHERE ( goods_id = 1 )  [ RunTime:0.011178s ]
SQL: SELECT * FROM `goodstype` WHERE ( id = 37 )  [ RunTime:0.013155s ]
SQL: SELECT * FROM `goods` WHERE ( id = 10 ) LIMIT 1   [ RunTime:0.011307s ]
SQL: SELECT `img_url` FROM `goodsimg` WHERE ( goods_id = 10 )  [ RunTime:0.012931s ]
SQL: SELECT * FROM `goodstype` WHERE ( id = 37 )  [ RunTime:0.011756s ]

[ 2022-03-31T15:43:18+08:00 ] 192.168.0.139 /flower-php/index.php/Home/Shoppingcart/cartlist
INFO: [ app_begin ] --START--
INFO: Run Behavior\ReadHtmlCache [ RunTime:0.000727s ]
INFO: [ app_begin ] --END-- [ RunTime:0.001884s ]
SQL: SHOW COLUMNS FROM `user` [ RunTime:0.010365s ]
SQL: SELECT * FROM `user` WHERE (  id =  '5' ) LIMIT 1   [ RunTime:0.013484s ]
SQL: SHOW COLUMNS FROM `shoppingcart` [ RunTime:0.011856s ]
SQL: SELECT * FROM `shoppingcart` WHERE ( uid = 5 )  [ RunTime:0.010809s ]
SQL: SHOW COLUMNS FROM `goods` [ RunTime:0.015792s ]
SQL: SHOW COLUMNS FROM `goodsimg` [ RunTime:0.013567s ]
SQL: SHOW COLUMNS FROM `goodstype` [ RunTime:0.022813s ]
SQL: SELECT * FROM `goods` WHERE ( id = 1 ) LIMIT 1   [ RunTime:0.015714s ]
SQL: SELECT `img_url` FROM `goodsimg` WHERE ( goods_id = 1 )  [ RunTime:0.015315s ]
SQL: SELECT * FROM `goodstype` WHERE ( id = 37 )  [ RunTime:0.011998s ]
SQL: SELECT * FROM `goods` WHERE ( id = 10 ) LIMIT 1   [ RunTime:0.018150s ]
SQL: SELECT `img_url` FROM `goodsimg` WHERE ( goods_id = 10 )  [ RunTime:0.013317s ]
SQL: SELECT * FROM `goodstype` WHERE ( id = 37 )  [ RunTime:0.011504s ]

[ 2022-03-31T15:44:30+08:00 ] 192.168.0.139 /flower-php/index.php/Home/Shoppingcart/cartlist
INFO: [ app_begin ] --START--
INFO: Run Behavior\ReadHtmlCache [ RunTime:0.000695s ]
INFO: [ app_begin ] --END-- [ RunTime:0.001708s ]
SQL: SHOW COLUMNS FROM `user` [ RunTime:0.011798s ]
SQL: SELECT * FROM `user` WHERE (  id =  '5' ) LIMIT 1   [ RunTime:0.012018s ]
SQL: SHOW COLUMNS FROM `shoppingcart` [ RunTime:0.016010s ]
SQL: SELECT * FROM `shoppingcart` WHERE ( uid = 5 )  [ RunTime:0.011559s ]
SQL: SHOW COLUMNS FROM `goods` [ RunTime:0.013774s ]
SQL: SHOW COLUMNS FROM `goodsimg` [ RunTime:0.011278s ]
SQL: SHOW COLUMNS FROM `goodstype` [ RunTime:0.011320s ]
SQL: SELECT * FROM `goods` WHERE ( id = 1 ) LIMIT 1   [ RunTime:0.010943s ]
SQL: SELECT `img_url` FROM `goodsimg` WHERE ( goods_id = 1 )  [ RunTime:0.011139s ]
SQL: SELECT * FROM `goodstype` WHERE ( id = 37 )  [ RunTime:0.012915s ]
SQL: SELECT * FROM `goods` WHERE ( id = 10 ) LIMIT 1   [ RunTime:0.011385s ]
SQL: SELECT `img_url` FROM `goodsimg` WHERE ( goods_id = 10 )  [ RunTime:0.013037s ]
SQL: SELECT * FROM `goodstype` WHERE ( id = 37 )  [ RunTime:0.010402s ]

[ 2022-03-31T15:46:10+08:00 ] 192.168.0.139 /flower-php/index.php/Home/Shoppingcart/cartlist
INFO: [ app_begin ] --START--
INFO: Run Behavior\ReadHtmlCache [ RunTime:0.000554s ]
INFO: [ app_begin ] --END-- [ RunTime:0.001281s ]
SQL: SHOW COLUMNS FROM `user` [ RunTime:0.011849s ]
SQL: SELECT * FROM `user` WHERE (  id =  '5' ) LIMIT 1   [ RunTime:0.012009s ]
SQL: SHOW COLUMNS FROM `shoppingcart` [ RunTime:0.013316s ]
SQL: SELECT * FROM `shoppingcart` WHERE ( uid = 5 )  [ RunTime:0.011440s ]
SQL: SHOW COLUMNS FROM `goods` [ RunTime:0.011111s ]
SQL: SHOW COLUMNS FROM `goodsimg` [ RunTime:0.011910s ]
SQL: SHOW COLUMNS FROM `goodstype` [ RunTime:0.011023s ]
SQL: SELECT * FROM `goods` WHERE ( id = 1 ) LIMIT 1   [ RunTime:0.012838s ]
SQL: SELECT `img_url` FROM `goodsimg` WHERE ( goods_id = 1 )  [ RunTime:0.014916s ]
SQL: SELECT * FROM `goodstype` WHERE ( id = 37 )  [ RunTime:0.012235s ]
SQL: SELECT * FROM `goods` WHERE ( id = 10 ) LIMIT 1   [ RunTime:0.012599s ]
SQL: SELECT `img_url` FROM `goodsimg` WHERE ( goods_id = 10 )  [ RunTime:0.010899s ]
SQL: SELECT * FROM `goodstype` WHERE ( id = 37 )  [ RunTime:0.010502s ]

[ 2022-03-31T15:46:20+08:00 ] 192.168.0.139 /flower-php/index.php/Home/Shoppingcart/cartlist
INFO: [ app_begin ] --START--
INFO: Run Behavior\ReadHtmlCache [ RunTime:0.000848s ]
INFO: [ app_begin ] --END-- [ RunTime:0.002046s ]
SQL: SHOW COLUMNS FROM `user` [ RunTime:0.010266s ]
SQL: SELECT * FROM `user` WHERE (  id =  '5' ) LIMIT 1   [ RunTime:0.009865s ]
SQL: SHOW COLUMNS FROM `shoppingcart` [ RunTime:0.011660s ]
SQL: SELECT * FROM `shoppingcart` WHERE ( uid = 5 )  [ RunTime:0.010421s ]
SQL: SHOW COLUMNS FROM `goods` [ RunTime:0.010691s ]
SQL: SHOW COLUMNS FROM `goodsimg` [ RunTime:0.010379s ]
SQL: SHOW COLUMNS FROM `goodstype` [ RunTime:0.010450s ]
SQL: SELECT * FROM `goods` WHERE ( id = 1 ) LIMIT 1   [ RunTime:0.009745s ]
SQL: SELECT `img_url` FROM `goodsimg` WHERE ( goods_id = 1 )  [ RunTime:0.010321s ]
SQL: SELECT * FROM `goodstype` WHERE ( id = 37 )  [ RunTime:0.009935s ]
SQL: SELECT * FROM `goods` WHERE ( id = 10 ) LIMIT 1   [ RunTime:0.009554s ]
SQL: SELECT `img_url` FROM `goodsimg` WHERE ( goods_id = 10 )  [ RunTime:0.010384s ]
SQL: SELECT * FROM `goodstype` WHERE ( id = 37 )  [ RunTime:0.010028s ]

[ 2022-03-31T15:46:32+08:00 ] 192.168.0.139 /flower-php/index.php/Home/Shoppingcart/cartlist
INFO: [ app_begin ] --START--
INFO: Run Behavior\ReadHtmlCache [ RunTime:0.000482s ]
INFO: [ app_begin ] --END-- [ RunTime:0.001153s ]
SQL: SHOW COLUMNS FROM `user` [ RunTime:0.012700s ]
SQL: SELECT * FROM `user` WHERE (  id =  '5' ) LIMIT 1   [ RunTime:0.011369s ]
SQL: SHOW COLUMNS FROM `shoppingcart` [ RunTime:0.012296s ]
SQL: SELECT * FROM `shoppingcart` WHERE ( uid = 5 )  [ RunTime:0.011509s ]
SQL: SHOW COLUMNS FROM `goods` [ RunTime:0.012233s ]
SQL: SHOW COLUMNS FROM `goodsimg` [ RunTime:0.013380s ]
SQL: SHOW COLUMNS FROM `goodstype` [ RunTime:0.011607s ]
SQL: SELECT * FROM `goods` WHERE ( id = 1 ) LIMIT 1   [ RunTime:0.014807s ]
SQL: SELECT `img_url` FROM `goodsimg` WHERE ( goods_id = 1 )  [ RunTime:0.017185s ]
SQL: SELECT * FROM `goodstype` WHERE ( id = 37 )  [ RunTime:0.012783s ]
SQL: SELECT * FROM `goods` WHERE ( id = 10 ) LIMIT 1   [ RunTime:0.011487s ]
SQL: SELECT `img_url` FROM `goodsimg` WHERE ( goods_id = 10 )  [ RunTime:0.010686s ]
SQL: SELECT * FROM `goodstype` WHERE ( id = 37 )  [ RunTime:0.011793s ]

[ 2022-03-31T15:48:20+08:00 ] 192.168.0.139 /flower-php/index.php/Home/Shoppingcart/cartlist
INFO: [ app_begin ] --START--
INFO: Run Behavior\ReadHtmlCache [ RunTime:0.000544s ]
INFO: [ app_begin ] --END-- [ RunTime:0.001267s ]
SQL: SHOW COLUMNS FROM `user` [ RunTime:0.015121s ]
SQL: SELECT * FROM `user` WHERE (  id =  '5' ) LIMIT 1   [ RunTime:0.009243s ]
SQL: SHOW COLUMNS FROM `shoppingcart` [ RunTime:0.010082s ]
SQL: SELECT * FROM `shoppingcart` WHERE ( uid = 5 )  [ RunTime:0.011002s ]
SQL: SHOW COLUMNS FROM `goods` [ RunTime:0.010152s ]
SQL: SHOW COLUMNS FROM `goodsimg` [ RunTime:0.010477s ]
SQL: SHOW COLUMNS FROM `goodstype` [ RunTime:0.010234s ]
SQL: SELECT * FROM `goods` WHERE ( id = 1 ) LIMIT 1   [ RunTime:0.009523s ]
SQL: SELECT `img_url` FROM `goodsimg` WHERE ( goods_id = 1 )  [ RunTime:0.009898s ]
SQL: SELECT * FROM `goodstype` WHERE ( id = 37 )  [ RunTime:0.010001s ]
SQL: SELECT * FROM `goods` WHERE ( id = 10 ) LIMIT 1   [ RunTime:0.009245s ]
SQL: SELECT `img_url` FROM `goodsimg` WHERE ( goods_id = 10 )  [ RunTime:0.009276s ]
SQL: SELECT * FROM `goodstype` WHERE ( id = 37 )  [ RunTime:0.011295s ]

[ 2022-03-31T15:48:21+08:00 ] 192.168.0.139 /flower-php/index.php/Home/Shoppingcart/cartlist
INFO: [ app_begin ] --START--
INFO: Run Behavior\ReadHtmlCache [ RunTime:0.000485s ]
INFO: [ app_begin ] --END-- [ RunTime:0.001173s ]
SQL: SHOW COLUMNS FROM `user` [ RunTime:0.012888s ]
SQL: SELECT * FROM `user` WHERE (  id =  '5' ) LIMIT 1   [ RunTime:0.011431s ]
SQL: SHOW COLUMNS FROM `shoppingcart` [ RunTime:0.012042s ]
SQL: SELECT * FROM `shoppingcart` WHERE ( uid = 5 )  [ RunTime:0.012952s ]
SQL: SHOW COLUMNS FROM `goods` [ RunTime:0.014534s ]
SQL: SHOW COLUMNS FROM `goodsimg` [ RunTime:0.014059s ]
SQL: SHOW COLUMNS FROM `goodstype` [ RunTime:0.010700s ]
SQL: SELECT * FROM `goods` WHERE ( id = 1 ) LIMIT 1   [ RunTime:0.012779s ]
SQL: SELECT `img_url` FROM `goodsimg` WHERE ( goods_id = 1 )  [ RunTime:0.012807s ]
SQL: SELECT * FROM `goodstype` WHERE ( id = 37 )  [ RunTime:0.010467s ]
SQL: SELECT * FROM `goods` WHERE ( id = 10 ) LIMIT 1   [ RunTime:0.010816s ]
SQL: SELECT `img_url` FROM `goodsimg` WHERE ( goods_id = 10 )  [ RunTime:0.010842s ]
SQL: SELECT * FROM `goodstype` WHERE ( id = 37 )  [ RunTime:0.011053s ]

[ 2022-03-31T15:48:22+08:00 ] 192.168.0.139 /flower-php/index.php/Home/Shoppingcart/cartlist
INFO: [ app_begin ] --START--
INFO: Run Behavior\ReadHtmlCache [ RunTime:0.000766s ]
INFO: [ app_begin ] --END-- [ RunTime:0.002046s ]
SQL: SHOW COLUMNS FROM `user` [ RunTime:0.012994s ]
SQL: SELECT * FROM `user` WHERE (  id =  '5' ) LIMIT 1   [ RunTime:0.013626s ]
SQL: SHOW COLUMNS FROM `shoppingcart` [ RunTime:0.011005s ]
SQL: SELECT * FROM `shoppingcart` WHERE ( uid = 5 )  [ RunTime:0.013384s ]
SQL: SHOW COLUMNS FROM `goods` [ RunTime:0.011901s ]
SQL: SHOW COLUMNS FROM `goodsimg` [ RunTime:0.010813s ]
SQL: SHOW COLUMNS FROM `goodstype` [ RunTime:0.013946s ]
SQL: SELECT * FROM `goods` WHERE ( id = 1 ) LIMIT 1   [ RunTime:0.010292s ]
SQL: SELECT `img_url` FROM `goodsimg` WHERE ( goods_id = 1 )  [ RunTime:0.012076s ]
SQL: SELECT * FROM `goodstype` WHERE ( id = 37 )  [ RunTime:0.028905s ]
SQL: SELECT * FROM `goods` WHERE ( id = 10 ) LIMIT 1   [ RunTime:0.011047s ]
SQL: SELECT `img_url` FROM `goodsimg` WHERE ( goods_id = 10 )  [ RunTime:0.010631s ]
SQL: SELECT * FROM `goodstype` WHERE ( id = 37 )  [ RunTime:0.009455s ]

[ 2022-03-31T15:52:25+08:00 ] 192.168.0.139 /flower-php/index.php/Home/Shoppingcart/cartlist
INFO: [ app_begin ] --START--
INFO: Run Behavior\ReadHtmlCache [ RunTime:0.001196s ]
INFO: [ app_begin ] --END-- [ RunTime:0.002704s ]
SQL: SHOW COLUMNS FROM `user` [ RunTime:0.013405s ]
SQL: SELECT * FROM `user` WHERE (  id =  '5' ) LIMIT 1   [ RunTime:0.015248s ]
SQL: SHOW COLUMNS FROM `shoppingcart` [ RunTime:0.011120s ]
SQL: SELECT * FROM `shoppingcart` WHERE ( uid = 5 )  [ RunTime:0.011469s ]
SQL: SHOW COLUMNS FROM `goods` [ RunTime:0.010933s ]
SQL: SHOW COLUMNS FROM `goodsimg` [ RunTime:0.011632s ]
SQL: SHOW COLUMNS FROM `goodstype` [ RunTime:0.011172s ]
SQL: SELECT * FROM `goods` WHERE ( id = 1 ) LIMIT 1   [ RunTime:0.011218s ]
SQL: SELECT `img_url` FROM `goodsimg` WHERE ( goods_id = 1 )  [ RunTime:0.015760s ]
SQL: SELECT * FROM `goodstype` WHERE ( id = 37 )  [ RunTime:0.010662s ]
SQL: SELECT * FROM `goods` WHERE ( id = 10 ) LIMIT 1   [ RunTime:0.010705s ]
SQL: SELECT `img_url` FROM `goodsimg` WHERE ( goods_id = 10 )  [ RunTime:0.009958s ]
SQL: SELECT * FROM `goodstype` WHERE ( id = 37 )  [ RunTime:0.010702s ]

[ 2022-03-31T15:52:25+08:00 ] 192.168.0.139 /flower-php/index.php/Home/Shoppingcart/cartlist
INFO: [ app_begin ] --START--
INFO: Run Behavior\ReadHtmlCache [ RunTime:0.000648s ]
INFO: [ app_begin ] --END-- [ RunTime:0.001734s ]
SQL: SHOW COLUMNS FROM `user` [ RunTime:0.011754s ]
SQL: SELECT * FROM `user` WHERE (  id =  '5' ) LIMIT 1   [ RunTime:0.027091s ]
SQL: SHOW COLUMNS FROM `shoppingcart` [ RunTime:0.011696s ]
SQL: SELECT * FROM `shoppingcart` WHERE ( uid = 5 )  [ RunTime:0.011876s ]
SQL: SHOW COLUMNS FROM `goods` [ RunTime:0.016862s ]
SQL: SHOW COLUMNS FROM `goodsimg` [ RunTime:0.010380s ]
SQL: SHOW COLUMNS FROM `goodstype` [ RunTime:0.010287s ]
SQL: SELECT * FROM `goods` WHERE ( id = 1 ) LIMIT 1   [ RunTime:0.010187s ]
SQL: SELECT `img_url` FROM `goodsimg` WHERE ( goods_id = 1 )  [ RunTime:0.010079s ]
SQL: SELECT * FROM `goodstype` WHERE ( id = 37 )  [ RunTime:0.010030s ]
SQL: SELECT * FROM `goods` WHERE ( id = 10 ) LIMIT 1   [ RunTime:0.010540s ]
SQL: SELECT `img_url` FROM `goodsimg` WHERE ( goods_id = 10 )  [ RunTime:0.012420s ]
SQL: SELECT * FROM `goodstype` WHERE ( id = 37 )  [ RunTime:0.011796s ]

[ 2022-03-31T15:52:26+08:00 ] 192.168.0.139 /flower-php/index.php/Home/Shoppingcart/cartlist
INFO: [ app_begin ] --START--
INFO: Run Behavior\ReadHtmlCache [ RunTime:0.000863s ]
INFO: [ app_begin ] --END-- [ RunTime:0.002098s ]
SQL: SHOW COLUMNS FROM `user` [ RunTime:0.013480s ]
SQL: SELECT * FROM `user` WHERE (  id =  '5' ) LIMIT 1   [ RunTime:0.010326s ]
SQL: SHOW COLUMNS FROM `shoppingcart` [ RunTime:0.009145s ]
SQL: SELECT * FROM `shoppingcart` WHERE ( uid = 5 )  [ RunTime:0.010121s ]
SQL: SHOW COLUMNS FROM `goods` [ RunTime:0.009540s ]
SQL: SHOW COLUMNS FROM `goodsimg` [ RunTime:0.009718s ]
SQL: SHOW COLUMNS FROM `goodstype` [ RunTime:0.010276s ]
SQL: SELECT * FROM `goods` WHERE ( id = 1 ) LIMIT 1   [ RunTime:0.016320s ]
SQL: SELECT `img_url` FROM `goodsimg` WHERE ( goods_id = 1 )  [ RunTime:0.010156s ]
SQL: SELECT * FROM `goodstype` WHERE ( id = 37 )  [ RunTime:0.009533s ]
SQL: SELECT * FROM `goods` WHERE ( id = 10 ) LIMIT 1   [ RunTime:0.012447s ]
SQL: SELECT `img_url` FROM `goodsimg` WHERE ( goods_id = 10 )  [ RunTime:0.009727s ]
SQL: SELECT * FROM `goodstype` WHERE ( id = 37 )  [ RunTime:0.009222s ]

[ 2022-03-31T15:52:26+08:00 ] 192.168.0.139 /flower-php/index.php/Home/Shoppingcart/cartlist
INFO: [ app_begin ] --START--
INFO: Run Behavior\ReadHtmlCache [ RunTime:0.000708s ]
INFO: [ app_begin ] --END-- [ RunTime:0.001847s ]
SQL: SHOW COLUMNS FROM `user` [ RunTime:0.012455s ]
SQL: SELECT * FROM `user` WHERE (  id =  '5' ) LIMIT 1   [ RunTime:0.019266s ]
SQL: SHOW COLUMNS FROM `shoppingcart` [ RunTime:0.010899s ]
SQL: SELECT * FROM `shoppingcart` WHERE ( uid = 5 )  [ RunTime:0.011773s ]
SQL: SHOW COLUMNS FROM `goods` [ RunTime:0.011215s ]
SQL: SHOW COLUMNS FROM `goodsimg` [ RunTime:0.012310s ]
SQL: SHOW COLUMNS FROM `goodstype` [ RunTime:0.011456s ]
SQL: SELECT * FROM `goods` WHERE ( id = 1 ) LIMIT 1   [ RunTime:0.012414s ]
SQL: SELECT `img_url` FROM `goodsimg` WHERE ( goods_id = 1 )  [ RunTime:0.012806s ]
SQL: SELECT * FROM `goodstype` WHERE ( id = 37 )  [ RunTime:0.011550s ]
SQL: SELECT * FROM `goods` WHERE ( id = 10 ) LIMIT 1   [ RunTime:0.013977s ]
SQL: SELECT `img_url` FROM `goodsimg` WHERE ( goods_id = 10 )  [ RunTime:0.012555s ]
SQL: SELECT * FROM `goodstype` WHERE ( id = 37 )  [ RunTime:0.010620s ]

[ 2022-03-31T15:54:58+08:00 ] 192.168.0.139 /flower-php/index.php/Home/Shoppingcart/cartlist
INFO: [ app_begin ] --START--
INFO: Run Behavior\ReadHtmlCache [ RunTime:0.000705s ]
INFO: [ app_begin ] --END-- [ RunTime:0.001678s ]
SQL: SHOW COLUMNS FROM `user` [ RunTime:0.010469s ]
SQL: SELECT * FROM `user` WHERE (  id =  '5' ) LIMIT 1   [ RunTime:0.010249s ]
SQL: SHOW COLUMNS FROM `shoppingcart` [ RunTime:0.009980s ]
SQL: SELECT * FROM `shoppingcart` WHERE ( uid = 5 )  [ RunTime:0.010581s ]
SQL: SHOW COLUMNS FROM `goods` [ RunTime:0.011410s ]
SQL: SHOW COLUMNS FROM `goodsimg` [ RunTime:0.010825s ]
SQL: SHOW COLUMNS FROM `goodstype` [ RunTime:0.012540s ]
SQL: SELECT * FROM `goods` WHERE ( id = 1 ) LIMIT 1   [ RunTime:0.010424s ]
SQL: SELECT `img_url` FROM `goodsimg` WHERE ( goods_id = 1 )  [ RunTime:0.009869s ]
SQL: SELECT * FROM `goodstype` WHERE ( id = 37 )  [ RunTime:0.011993s ]
SQL: SELECT * FROM `goods` WHERE ( id = 10 ) LIMIT 1   [ RunTime:0.009830s ]
SQL: SELECT `img_url` FROM `goodsimg` WHERE ( goods_id = 10 )  [ RunTime:0.010397s ]
SQL: SELECT * FROM `goodstype` WHERE ( id = 37 )  [ RunTime:0.012440s ]

[ 2022-03-31T15:55:52+08:00 ] 192.168.0.139 /flower-php/index.php/Home/Shoppingcart/cartlist
INFO: [ app_begin ] --START--
INFO: Run Behavior\ReadHtmlCache [ RunTime:0.001273s ]
INFO: [ app_begin ] --END-- [ RunTime:0.002104s ]
SQL: SHOW COLUMNS FROM `user` [ RunTime:0.011533s ]
SQL: SELECT * FROM `user` WHERE (  id =  '5' ) LIMIT 1   [ RunTime:0.012920s ]
SQL: SHOW COLUMNS FROM `shoppingcart` [ RunTime:0.015179s ]
SQL: SELECT * FROM `shoppingcart` WHERE ( uid = 5 )  [ RunTime:0.014174s ]
SQL: SHOW COLUMNS FROM `goods` [ RunTime:0.011971s ]
SQL: SHOW COLUMNS FROM `goodsimg` [ RunTime:0.013710s ]
SQL: SHOW COLUMNS FROM `goodstype` [ RunTime:0.012805s ]
SQL: SELECT * FROM `goods` WHERE ( id = 1 ) LIMIT 1   [ RunTime:0.014167s ]
SQL: SELECT `img_url` FROM `goodsimg` WHERE ( goods_id = 1 )  [ RunTime:0.011497s ]
SQL: SELECT * FROM `goodstype` WHERE ( id = 37 )  [ RunTime:0.013045s ]
SQL: SELECT * FROM `goods` WHERE ( id = 10 ) LIMIT 1   [ RunTime:0.011599s ]
SQL: SELECT `img_url` FROM `goodsimg` WHERE ( goods_id = 10 )  [ RunTime:0.011571s ]
SQL: SELECT * FROM `goodstype` WHERE ( id = 37 )  [ RunTime:0.014445s ]

[ 2022-03-31T15:56:31+08:00 ] 192.168.0.139 /flower-php/index.php/Home/Shoppingcart/cartlist
INFO: [ app_begin ] --START--
INFO: Run Behavior\ReadHtmlCache [ RunTime:0.000538s ]
INFO: [ app_begin ] --END-- [ RunTime:0.001485s ]
SQL: SHOW COLUMNS FROM `user` [ RunTime:0.011860s ]
SQL: SELECT * FROM `user` WHERE (  id =  '5' ) LIMIT 1   [ RunTime:0.011547s ]
SQL: SHOW COLUMNS FROM `shoppingcart` [ RunTime:0.012527s ]
SQL: SELECT * FROM `shoppingcart` WHERE ( uid = 5 )  [ RunTime:0.011315s ]
SQL: SHOW COLUMNS FROM `goods` [ RunTime:0.011094s ]
SQL: SHOW COLUMNS FROM `goodsimg` [ RunTime:0.011129s ]
SQL: SHOW COLUMNS FROM `goodstype` [ RunTime:0.011114s ]
SQL: SELECT * FROM `goods` WHERE ( id = 1 ) LIMIT 1   [ RunTime:0.011367s ]
SQL: SELECT `img_url` FROM `goodsimg` WHERE ( goods_id = 1 )  [ RunTime:0.010419s ]
SQL: SELECT * FROM `goodstype` WHERE ( id = 37 )  [ RunTime:0.010391s ]
SQL: SELECT * FROM `goods` WHERE ( id = 10 ) LIMIT 1   [ RunTime:0.010386s ]
SQL: SELECT `img_url` FROM `goodsimg` WHERE ( goods_id = 10 )  [ RunTime:0.013220s ]
SQL: SELECT * FROM `goodstype` WHERE ( id = 37 )  [ RunTime:0.011304s ]

[ 2022-03-31T16:04:59+08:00 ] 192.168.0.139 /flower-php/index.php/Home/Shoppingcart/cartlist
INFO: [ app_begin ] --START--
INFO: Run Behavior\ReadHtmlCache [ RunTime:0.000788s ]
INFO: [ app_begin ] --END-- [ RunTime:0.002010s ]
SQL: SHOW COLUMNS FROM `user` [ RunTime:0.104983s ]
SQL: SELECT * FROM `user` WHERE (  id =  '5' ) LIMIT 1   [ RunTime:0.035341s ]
SQL: SHOW COLUMNS FROM `shoppingcart` [ RunTime:0.019657s ]
SQL: SELECT * FROM `shoppingcart` WHERE ( uid = 5 )  [ RunTime:0.017175s ]
SQL: SHOW COLUMNS FROM `goods` [ RunTime:0.012797s ]
SQL: SHOW COLUMNS FROM `goodsimg` [ RunTime:0.015054s ]
SQL: SHOW COLUMNS FROM `goodstype` [ RunTime:0.015562s ]
SQL: SELECT * FROM `goods` WHERE ( id = 1 ) LIMIT 1   [ RunTime:0.021635s ]
SQL: SELECT `img_url` FROM `goodsimg` WHERE ( goods_id = 1 )  [ RunTime:0.011367s ]
SQL: SELECT * FROM `goodstype` WHERE ( id = 37 )  [ RunTime:0.244509s ]
SQL: SELECT * FROM `goods` WHERE ( id = 10 ) LIMIT 1   [ RunTime:0.014651s ]
SQL: SELECT `img_url` FROM `goodsimg` WHERE ( goods_id = 10 )  [ RunTime:0.023091s ]
SQL: SELECT * FROM `goodstype` WHERE ( id = 37 )  [ RunTime:0.015123s ]

[ 2022-03-31T16:05:07+08:00 ] 192.168.0.139 /flower-php/index.php/Home/Shoppingcart/cartlist
INFO: [ app_begin ] --START--
INFO: Run Behavior\ReadHtmlCache [ RunTime:0.000776s ]
INFO: [ app_begin ] --END-- [ RunTime:0.001583s ]
SQL: SHOW COLUMNS FROM `user` [ RunTime:0.025046s ]
SQL: SELECT * FROM `user` WHERE (  id =  '5' ) LIMIT 1   [ RunTime:0.023978s ]
SQL: SHOW COLUMNS FROM `shoppingcart` [ RunTime:0.024589s ]
SQL: SELECT * FROM `shoppingcart` WHERE ( uid = 5 )  [ RunTime:0.014400s ]
SQL: SHOW COLUMNS FROM `goods` [ RunTime:0.015400s ]
SQL: SHOW COLUMNS FROM `goodsimg` [ RunTime:0.024415s ]
SQL: SHOW COLUMNS FROM `goodstype` [ RunTime:0.031103s ]
SQL: SELECT * FROM `goods` WHERE ( id = 1 ) LIMIT 1   [ RunTime:0.028677s ]
SQL: SELECT `img_url` FROM `goodsimg` WHERE ( goods_id = 1 )  [ RunTime:0.015598s ]
SQL: SELECT * FROM `goodstype` WHERE ( id = 37 )  [ RunTime:0.023887s ]
SQL: SELECT * FROM `goods` WHERE ( id = 10 ) LIMIT 1   [ RunTime:0.025136s ]
SQL: SELECT `img_url` FROM `goodsimg` WHERE ( goods_id = 10 )  [ RunTime:0.015182s ]
SQL: SELECT * FROM `goodstype` WHERE ( id = 37 )  [ RunTime:0.015306s ]

[ 2022-03-31T16:06:44+08:00 ] 192.168.0.139 /flower-php/index.php/Home/Shoppingcart/cartlist
INFO: [ app_begin ] --START--
INFO: Run Behavior\ReadHtmlCache [ RunTime:0.000528s ]
INFO: [ app_begin ] --END-- [ RunTime:0.001357s ]
SQL: SHOW COLUMNS FROM `user` [ RunTime:0.010391s ]
SQL: SELECT * FROM `user` WHERE (  id =  '5' ) LIMIT 1   [ RunTime:0.011515s ]
SQL: SHOW COLUMNS FROM `shoppingcart` [ RunTime:0.010725s ]
SQL: SELECT * FROM `shoppingcart` WHERE ( uid = 5 )  [ RunTime:0.012605s ]
SQL: SHOW COLUMNS FROM `goods` [ RunTime:0.012792s ]
SQL: SHOW COLUMNS FROM `goodsimg` [ RunTime:0.014044s ]
SQL: SHOW COLUMNS FROM `goodstype` [ RunTime:0.011294s ]
SQL: SELECT * FROM `goods` WHERE ( id = 1 ) LIMIT 1   [ RunTime:0.013042s ]
SQL: SELECT `img_url` FROM `goodsimg` WHERE ( goods_id = 1 )  [ RunTime:0.016426s ]
SQL: SELECT * FROM `goodstype` WHERE ( id = 37 )  [ RunTime:0.013571s ]
SQL: SELECT * FROM `goods` WHERE ( id = 10 ) LIMIT 1   [ RunTime:0.013170s ]
SQL: SELECT `img_url` FROM `goodsimg` WHERE ( goods_id = 10 )  [ RunTime:0.010967s ]
SQL: SELECT * FROM `goodstype` WHERE ( id = 37 )  [ RunTime:0.010523s ]

[ 2022-03-31T16:08:16+08:00 ] 192.168.0.139 /flower-php/index.php/Home/Shoppingcart/cartlist
INFO: [ app_begin ] --START--
INFO: Run Behavior\ReadHtmlCache [ RunTime:0.001058s ]
INFO: [ app_begin ] --END-- [ RunTime:0.002137s ]
SQL: SHOW COLUMNS FROM `user` [ RunTime:0.011466s ]
SQL: SELECT * FROM `user` WHERE (  id =  '5' ) LIMIT 1   [ RunTime:0.012153s ]
SQL: SHOW COLUMNS FROM `shoppingcart` [ RunTime:0.011510s ]
SQL: SELECT * FROM `shoppingcart` WHERE ( uid = 5 )  [ RunTime:0.011265s ]
SQL: SHOW COLUMNS FROM `goods` [ RunTime:0.013888s ]
SQL: SHOW COLUMNS FROM `goodsimg` [ RunTime:0.012783s ]
SQL: SHOW COLUMNS FROM `goodstype` [ RunTime:0.011532s ]
SQL: SELECT * FROM `goods` WHERE ( id = 1 ) LIMIT 1   [ RunTime:0.011087s ]
SQL: SELECT `img_url` FROM `goodsimg` WHERE ( goods_id = 1 )  [ RunTime:0.010507s ]
SQL: SELECT * FROM `goodstype` WHERE ( id = 37 )  [ RunTime:0.010455s ]
SQL: SELECT * FROM `goods` WHERE ( id = 10 ) LIMIT 1   [ RunTime:0.013443s ]
SQL: SELECT `img_url` FROM `goodsimg` WHERE ( goods_id = 10 )  [ RunTime:0.011109s ]
SQL: SELECT * FROM `goodstype` WHERE ( id = 37 )  [ RunTime:0.018761s ]

[ 2022-03-31T16:08:17+08:00 ] 192.168.0.139 /flower-php/index.php/Home/Shoppingcart/cartlist
INFO: [ app_begin ] --START--
INFO: Run Behavior\ReadHtmlCache [ RunTime:0.000526s ]
INFO: [ app_begin ] --END-- [ RunTime:0.001431s ]
SQL: SHOW COLUMNS FROM `user` [ RunTime:0.011346s ]
SQL: SELECT * FROM `user` WHERE (  id =  '5' ) LIMIT 1   [ RunTime:0.011381s ]
SQL: SHOW COLUMNS FROM `shoppingcart` [ RunTime:0.012253s ]
SQL: SELECT * FROM `shoppingcart` WHERE ( uid = 5 )  [ RunTime:0.011121s ]
SQL: SHOW COLUMNS FROM `goods` [ RunTime:0.013037s ]
SQL: SHOW COLUMNS FROM `goodsimg` [ RunTime:0.011427s ]
SQL: SHOW COLUMNS FROM `goodstype` [ RunTime:0.011403s ]
SQL: SELECT * FROM `goods` WHERE ( id = 1 ) LIMIT 1   [ RunTime:0.011077s ]
SQL: SELECT `img_url` FROM `goodsimg` WHERE ( goods_id = 1 )  [ RunTime:0.013674s ]
SQL: SELECT * FROM `goodstype` WHERE ( id = 37 )  [ RunTime:0.013832s ]
SQL: SELECT * FROM `goods` WHERE ( id = 10 ) LIMIT 1   [ RunTime:0.013108s ]
SQL: SELECT `img_url` FROM `goodsimg` WHERE ( goods_id = 10 )  [ RunTime:0.011376s ]
SQL: SELECT * FROM `goodstype` WHERE ( id = 37 )  [ RunTime:0.011713s ]

[ 2022-03-31T16:08:58+08:00 ] 192.168.0.139 /flower-php/index.php/Home/Order/add
INFO: [ app_begin ] --START--
INFO: Run Behavior\ReadHtmlCache [ RunTime:0.000818s ]
INFO: [ app_begin ] --END-- [ RunTime:0.002064s ]
SQL: SHOW COLUMNS FROM `user` [ RunTime:0.015674s ]
SQL: SELECT * FROM `user` WHERE (  id =  '5' ) LIMIT 1   [ RunTime:0.010316s ]
SQL: SHOW COLUMNS FROM `goods` [ RunTime:0.016447s ]
SQL: SHOW COLUMNS FROM `order` [ RunTime:0.013200s ]
SQL: SHOW COLUMNS FROM `ordersub` [ RunTime:0.012142s ]
SQL: SHOW COLUMNS FROM `shoppingcart` [ RunTime:0.011627s ]
SQL: SELECT * FROM `shoppingcart` WHERE ( id = 4 ) LIMIT 1   [ RunTime:0.014878s ]
SQL: SELECT * FROM `goods` WHERE ( id = 1 ) LIMIT 1   [ RunTime:0.012014s ]
SQL: INSERT INTO `order` (`uid`,`ctime`,`mtime`,`price`,`status`,`pay_status`) VALUES (5,1648714138,1648714138,90,1,0) [ RunTime:0.015879s ]
SQL: SELECT * FROM `shoppingcart` WHERE ( id = 4 ) LIMIT 1   [ RunTime:0.011470s ]
SQL: SELECT * FROM `goods` WHERE ( id = 1 ) LIMIT 1   [ RunTime:0.010847s ]
SQL: INSERT INTO `ordersub` (`goods_id`,`counts`,`ctime`,`mtime`,`uid`,`price`,`order_id`,`total_price`) VALUES (1,9,1648714138,1648714138,5,'10.00',4,90) [ RunTime:0.013111s ]
SQL: DELETE FROM `shoppingcart` WHERE ( id = 4 ) [ RunTime:0.015342s ]
SQL: SELECT * FROM `order` WHERE ( id =4 ) LIMIT 1   [ RunTime:0.016652s ]

[ 2022-03-31T16:21:47+08:00 ] 192.168.0.139 /flower-php/index.php/Home/Shoppingcart/cartlist
INFO: [ app_begin ] --START--
INFO: Run Behavior\ReadHtmlCache [ RunTime:0.000586s ]
INFO: [ app_begin ] --END-- [ RunTime:0.001449s ]
SQL: SHOW COLUMNS FROM `user` [ RunTime:0.010558s ]
SQL: SELECT * FROM `user` WHERE (  id =  '5' ) LIMIT 1   [ RunTime:0.010309s ]
SQL: SHOW COLUMNS FROM `shoppingcart` [ RunTime:0.011226s ]
SQL: SELECT * FROM `shoppingcart` WHERE ( uid = 5 )  [ RunTime:0.011376s ]
SQL: SHOW COLUMNS FROM `goods` [ RunTime:0.011734s ]
SQL: SHOW COLUMNS FROM `goodsimg` [ RunTime:0.010293s ]
SQL: SHOW COLUMNS FROM `goodstype` [ RunTime:0.012294s ]
SQL: SELECT * FROM `goods` WHERE ( id = 10 ) LIMIT 1   [ RunTime:0.010529s ]
SQL: SELECT `img_url` FROM `goodsimg` WHERE ( goods_id = 10 )  [ RunTime:0.010029s ]
SQL: SELECT * FROM `goodstype` WHERE ( id = 37 )  [ RunTime:0.011060s ]

[ 2022-03-31T16:22:01+08:00 ] 192.168.0.139 /flower-php/index.php/Home/Shoppingcart/cartlist
INFO: [ app_begin ] --START--
INFO: Run Behavior\ReadHtmlCache [ RunTime:0.000515s ]
INFO: [ app_begin ] --END-- [ RunTime:0.001303s ]
SQL: SHOW COLUMNS FROM `user` [ RunTime:0.011582s ]
SQL: SELECT * FROM `user` WHERE (  id =  '5' ) LIMIT 1   [ RunTime:0.012645s ]
SQL: SHOW COLUMNS FROM `shoppingcart` [ RunTime:0.012268s ]
SQL: SELECT * FROM `shoppingcart` WHERE ( uid = 5 )  [ RunTime:0.011524s ]
SQL: SHOW COLUMNS FROM `goods` [ RunTime:0.012570s ]
SQL: SHOW COLUMNS FROM `goodsimg` [ RunTime:0.011713s ]
SQL: SHOW COLUMNS FROM `goodstype` [ RunTime:0.012699s ]
SQL: SELECT * FROM `goods` WHERE ( id = 10 ) LIMIT 1   [ RunTime:0.013939s ]
SQL: SELECT `img_url` FROM `goodsimg` WHERE ( goods_id = 10 )  [ RunTime:0.016430s ]
SQL: SELECT * FROM `goodstype` WHERE ( id = 37 )  [ RunTime:0.011277s ]

[ 2022-03-31T16:24:06+08:00 ] 192.168.0.139 /flower-php/index.php/Home/Shoppingcart/cartlist
INFO: [ app_begin ] --START--
INFO: Run Behavior\ReadHtmlCache [ RunTime:0.001552s ]
INFO: [ app_begin ] --END-- [ RunTime:0.002707s ]
SQL: SHOW COLUMNS FROM `user` [ RunTime:0.015274s ]
SQL: SELECT * FROM `user` WHERE (  id =  '5' ) LIMIT 1   [ RunTime:0.018275s ]
SQL: SHOW COLUMNS FROM `shoppingcart` [ RunTime:0.021740s ]
SQL: SELECT * FROM `shoppingcart` WHERE ( uid = 5 )  [ RunTime:0.014588s ]
SQL: SHOW COLUMNS FROM `goods` [ RunTime:0.016904s ]
SQL: SHOW COLUMNS FROM `goodsimg` [ RunTime:0.019578s ]
SQL: SHOW COLUMNS FROM `goodstype` [ RunTime:0.016817s ]
SQL: SELECT * FROM `goods` WHERE ( id = 10 ) LIMIT 1   [ RunTime:0.024650s ]
SQL: SELECT `img_url` FROM `goodsimg` WHERE ( goods_id = 10 )  [ RunTime:0.017587s ]
SQL: SELECT * FROM `goodstype` WHERE ( id = 37 )  [ RunTime:0.014647s ]

[ 2022-03-31T16:24:08+08:00 ] 192.168.0.139 /flower-php/index.php/Home/Shoppingcart/cartlist
INFO: [ app_begin ] --START--
INFO: Run Behavior\ReadHtmlCache [ RunTime:0.000519s ]
INFO: [ app_begin ] --END-- [ RunTime:0.001293s ]
SQL: SHOW COLUMNS FROM `user` [ RunTime:0.011442s ]
SQL: SELECT * FROM `user` WHERE (  id =  '5' ) LIMIT 1   [ RunTime:0.011007s ]
SQL: SHOW COLUMNS FROM `shoppingcart` [ RunTime:0.014942s ]
SQL: SELECT * FROM `shoppingcart` WHERE ( uid = 5 )  [ RunTime:0.013679s ]
SQL: SHOW COLUMNS FROM `goods` [ RunTime:0.012646s ]
SQL: SHOW COLUMNS FROM `goodsimg` [ RunTime:0.012055s ]
SQL: SHOW COLUMNS FROM `goodstype` [ RunTime:0.011633s ]
SQL: SELECT * FROM `goods` WHERE ( id = 10 ) LIMIT 1   [ RunTime:0.011760s ]
SQL: SELECT `img_url` FROM `goodsimg` WHERE ( goods_id = 10 )  [ RunTime:0.011316s ]
SQL: SELECT * FROM `goodstype` WHERE ( id = 37 )  [ RunTime:0.012737s ]

[ 2022-03-31T17:05:52+08:00 ] 192.168.0.139 /flower-php/index.php/Home/Order/list
INFO: [ app_begin ] --START--
INFO: Run Behavior\ReadHtmlCache [ RunTime:0.000996s ]
INFO: [ app_begin ] --END-- [ RunTime:0.002561s ]

[ 2022-03-31T17:06:35+08:00 ] 192.168.0.139 /flower-php/index.php/Home/Order/list
INFO: [ app_begin ] --START--
INFO: Run Behavior\ReadHtmlCache [ RunTime:0.000778s ]
INFO: [ app_begin ] --END-- [ RunTime:0.001836s ]
SQL: SHOW COLUMNS FROM `user` [ RunTime:0.011761s ]
SQL: SELECT * FROM `user` WHERE (  id =  '5' ) LIMIT 1   [ RunTime:0.019990s ]
SQL: SHOW COLUMNS FROM `order` [ RunTime:0.015300s ]
SQL: SELECT * FROM `order` WHERE ( uid = 5 )  [ RunTime:0.012508s ]

[ 2022-03-31T17:07:40+08:00 ] 192.168.0.139 /flower-php/index.php/Home/Order/list
INFO: [ app_begin ] --START--
INFO: Run Behavior\ReadHtmlCache [ RunTime:0.000847s ]
INFO: [ app_begin ] --END-- [ RunTime:0.002311s ]
SQL: SHOW COLUMNS FROM `user` [ RunTime:0.012525s ]
SQL: SELECT * FROM `user` WHERE (  id =  '5' ) LIMIT 1   [ RunTime:0.023217s ]
SQL: SHOW COLUMNS FROM `order` [ RunTime:0.016366s ]
SQL: SELECT * FROM `order` WHERE ( uid = 5 )  [ RunTime:0.014457s ]

[ 2022-03-31T17:07:41+08:00 ] 192.168.0.139 /flower-php/index.php/Home/Order/list
INFO: [ app_begin ] --START--
INFO: Run Behavior\ReadHtmlCache [ RunTime:0.001759s ]
INFO: [ app_begin ] --END-- [ RunTime:0.004138s ]
SQL: SHOW COLUMNS FROM `user` [ RunTime:0.011850s ]
SQL: SELECT * FROM `user` WHERE (  id =  '5' ) LIMIT 1   [ RunTime:0.013669s ]
SQL: SHOW COLUMNS FROM `order` [ RunTime:0.016508s ]
SQL: SELECT * FROM `order` WHERE ( uid = 5 )  [ RunTime:0.016232s ]

[ 2022-03-31T17:07:57+08:00 ] 192.168.0.139 /flower-php/index.php/Home/Order/list
INFO: [ app_begin ] --START--
INFO: Run Behavior\ReadHtmlCache [ RunTime:0.000664s ]
INFO: [ app_begin ] --END-- [ RunTime:0.001537s ]
NOTIC: [8] Array to string conversion C:\phpStudy\PHPTutorial\WWW\flower-php\Application\Home\Controller\OrderController.class.php 第 493 行.
SQL: SHOW COLUMNS FROM `user` [ RunTime:0.010294s ]
SQL: SELECT * FROM `user` WHERE (  id =  '5' ) LIMIT 1   [ RunTime:0.013406s ]
SQL: SHOW COLUMNS FROM `order` [ RunTime:0.010797s ]
SQL: SHOW COLUMNS FROM `goods` [ RunTime:0.010544s ]
SQL: SHOW COLUMNS FROM `ordersub` [ RunTime:0.010740s ]
SQL: SELECT * FROM `order` WHERE ( uid = 5 )  [ RunTime:0.012299s ]
SQL: SELECT * FROM `ordersub` WHERE ( order_id = 4 )  [ RunTime:0.010653s ]
SQL: SELECT * FROM `goods` WHERE ( id = 1 ) LIMIT 1   [ RunTime:0.010722s ]

[ 2022-03-31T17:10:53+08:00 ] 192.168.0.139 /flower-php/index.php/Home/Order/list
INFO: [ app_begin ] --START--
INFO: Run Behavior\ReadHtmlCache [ RunTime:0.000744s ]
INFO: [ app_begin ] --END-- [ RunTime:0.001846s ]
NOTIC: [8] Array to string conversion C:\phpStudy\PHPTutorial\WWW\flower-php\Application\Home\Controller\OrderController.class.php 第 493 行.
SQL: SHOW COLUMNS FROM `user` [ RunTime:0.011425s ]
SQL: SELECT * FROM `user` WHERE (  id =  '5' ) LIMIT 1   [ RunTime:0.010724s ]
SQL: SHOW COLUMNS FROM `order` [ RunTime:0.011429s ]
SQL: SHOW COLUMNS FROM `goods` [ RunTime:0.011118s ]
SQL: SHOW COLUMNS FROM `ordersub` [ RunTime:0.011609s ]
SQL: SELECT * FROM `order` WHERE ( uid = 5 )  [ RunTime:0.012479s ]
SQL: SELECT * FROM `ordersub` WHERE ( order_id = 4 )  [ RunTime:0.014561s ]
SQL: SELECT * FROM `goods` WHERE ( id = 1 ) LIMIT 1   [ RunTime:0.010225s ]

[ 2022-03-31T17:10:54+08:00 ] 192.168.0.139 /flower-php/index.php/Home/Order/list
INFO: [ app_begin ] --START--
INFO: Run Behavior\ReadHtmlCache [ RunTime:0.000865s ]
INFO: [ app_begin ] --END-- [ RunTime:0.002096s ]
NOTIC: [8] Array to string conversion C:\phpStudy\PHPTutorial\WWW\flower-php\Application\Home\Controller\OrderController.class.php 第 493 行.
SQL: SHOW COLUMNS FROM `user` [ RunTime:0.013738s ]
SQL: SELECT * FROM `user` WHERE (  id =  '5' ) LIMIT 1   [ RunTime:0.014935s ]
SQL: SHOW COLUMNS FROM `order` [ RunTime:0.016926s ]
SQL: SHOW COLUMNS FROM `goods` [ RunTime:0.021987s ]
SQL: SHOW COLUMNS FROM `ordersub` [ RunTime:0.027253s ]
SQL: SELECT * FROM `order` WHERE ( uid = 5 )  [ RunTime:0.011722s ]
SQL: SELECT * FROM `ordersub` WHERE ( order_id = 4 )  [ RunTime:0.030654s ]
SQL: SELECT * FROM `goods` WHERE ( id = 1 ) LIMIT 1   [ RunTime:0.011342s ]

[ 2022-03-31T17:10:54+08:00 ] 192.168.0.139 /flower-php/index.php/Home/Order/list
INFO: [ app_begin ] --START--
INFO: Run Behavior\ReadHtmlCache [ RunTime:0.000505s ]
INFO: [ app_begin ] --END-- [ RunTime:0.001253s ]
NOTIC: [8] Array to string conversion C:\phpStudy\PHPTutorial\WWW\flower-php\Application\Home\Controller\OrderController.class.php 第 493 行.
SQL: SHOW COLUMNS FROM `user` [ RunTime:0.010490s ]
SQL: SELECT * FROM `user` WHERE (  id =  '5' ) LIMIT 1   [ RunTime:0.010333s ]
SQL: SHOW COLUMNS FROM `order` [ RunTime:0.013139s ]
SQL: SHOW COLUMNS FROM `goods` [ RunTime:0.011611s ]
SQL: SHOW COLUMNS FROM `ordersub` [ RunTime:0.011590s ]
SQL: SELECT * FROM `order` WHERE ( uid = 5 )  [ RunTime:0.012769s ]
SQL: SELECT * FROM `ordersub` WHERE ( order_id = 4 )  [ RunTime:0.009953s ]
SQL: SELECT * FROM `goods` WHERE ( id = 1 ) LIMIT 1   [ RunTime:0.010494s ]

[ 2022-03-31T17:10:55+08:00 ] 192.168.0.139 /flower-php/index.php/Home/Order/list
INFO: [ app_begin ] --START--
INFO: Run Behavior\ReadHtmlCache [ RunTime:0.001799s ]
INFO: [ app_begin ] --END-- [ RunTime:0.004670s ]
NOTIC: [8] Array to string conversion C:\phpStudy\PHPTutorial\WWW\flower-php\Application\Home\Controller\OrderController.class.php 第 493 行.
SQL: SHOW COLUMNS FROM `user` [ RunTime:0.014175s ]
SQL: SELECT * FROM `user` WHERE (  id =  '5' ) LIMIT 1   [ RunTime:0.017662s ]
SQL: SHOW COLUMNS FROM `order` [ RunTime:0.012024s ]
SQL: SHOW COLUMNS FROM `goods` [ RunTime:0.011432s ]
SQL: SHOW COLUMNS FROM `ordersub` [ RunTime:0.013586s ]
SQL: SELECT * FROM `order` WHERE ( uid = 5 )  [ RunTime:0.012782s ]
SQL: SELECT * FROM `ordersub` WHERE ( order_id = 4 )  [ RunTime:0.010494s ]
SQL: SELECT * FROM `goods` WHERE ( id = 1 ) LIMIT 1   [ RunTime:0.011322s ]

[ 2022-03-31T17:11:03+08:00 ] 192.168.0.139 /flower-php/index.php/Home/Order/list
INFO: [ app_begin ] --START--
INFO: Run Behavior\ReadHtmlCache [ RunTime:0.000842s ]
INFO: [ app_begin ] --END-- [ RunTime:0.001876s ]
NOTIC: [8] Array to string conversion C:\phpStudy\PHPTutorial\WWW\flower-php\Application\Home\Controller\OrderController.class.php 第 493 行.
SQL: SHOW COLUMNS FROM `user` [ RunTime:0.012433s ]
SQL: SELECT * FROM `user` WHERE (  id =  '5' ) LIMIT 1   [ RunTime:0.013188s ]
SQL: SHOW COLUMNS FROM `order` [ RunTime:0.014001s ]
SQL: SHOW COLUMNS FROM `goods` [ RunTime:0.015397s ]
SQL: SHOW COLUMNS FROM `ordersub` [ RunTime:0.229427s ]
SQL: SELECT * FROM `order` WHERE ( uid = 5 )  [ RunTime:0.014423s ]
SQL: SELECT * FROM `ordersub` WHERE ( order_id = 4 )  [ RunTime:0.013230s ]
SQL: SELECT * FROM `goods` WHERE ( id = 1 ) LIMIT 1   [ RunTime:0.014954s ]

[ 2022-03-31T17:11:43+08:00 ] 192.168.0.139 /flower-php/index.php/Home/Order/list
INFO: [ app_begin ] --START--
INFO: Run Behavior\ReadHtmlCache [ RunTime:0.000920s ]
INFO: [ app_begin ] --END-- [ RunTime:0.002146s ]
NOTIC: [8] Array to string conversion C:\phpStudy\PHPTutorial\WWW\flower-php\Application\Home\Controller\OrderController.class.php 第 493 行.
SQL: SHOW COLUMNS FROM `user` [ RunTime:0.010225s ]
SQL: SELECT * FROM `user` WHERE (  id =  '5' ) LIMIT 1   [ RunTime:0.022806s ]
SQL: SHOW COLUMNS FROM `order` [ RunTime:0.010303s ]
SQL: SHOW COLUMNS FROM `goods` [ RunTime:0.010912s ]
SQL: SHOW COLUMNS FROM `ordersub` [ RunTime:0.011620s ]
SQL: SELECT * FROM `order` WHERE ( uid = 5 )  [ RunTime:0.012593s ]
SQL: SELECT * FROM `ordersub` WHERE ( order_id = 4 )  [ RunTime:0.009329s ]
SQL: SELECT * FROM `goods` WHERE ( id = 1 ) LIMIT 1   [ RunTime:0.009654s ]

[ 2022-03-31T17:12:46+08:00 ] 192.168.0.139 /flower-php/index.php/Home/Order/list
INFO: [ app_begin ] --START--
INFO: Run Behavior\ReadHtmlCache [ RunTime:0.000561s ]
INFO: [ app_begin ] --END-- [ RunTime:0.001636s ]
NOTIC: [8] Array to string conversion C:\phpStudy\PHPTutorial\WWW\flower-php\Application\Home\Controller\OrderController.class.php 第 493 行.
SQL: SHOW COLUMNS FROM `user` [ RunTime:0.011677s ]
SQL: SELECT * FROM `user` WHERE (  id =  '5' ) LIMIT 1   [ RunTime:0.011450s ]
SQL: SHOW COLUMNS FROM `order` [ RunTime:0.015994s ]
SQL: SHOW COLUMNS FROM `goods` [ RunTime:0.014800s ]
SQL: SHOW COLUMNS FROM `ordersub` [ RunTime:0.020685s ]
SQL: SELECT * FROM `order` WHERE ( uid = 5 )  [ RunTime:0.011146s ]
SQL: SELECT * FROM `ordersub` WHERE ( order_id = 4 )  [ RunTime:0.011846s ]
SQL: SELECT * FROM `goods` WHERE ( id = 1 ) LIMIT 1   [ RunTime:0.012931s ]

[ 2022-03-31T17:15:34+08:00 ] 192.168.0.139 /flower-php/index.php/Home/Order/list
INFO: [ app_begin ] --START--
INFO: Run Behavior\ReadHtmlCache [ RunTime:0.001118s ]
INFO: [ app_begin ] --END-- [ RunTime:0.002515s ]
NOTIC: [8] Array to string conversion C:\phpStudy\PHPTutorial\WWW\flower-php\Application\Home\Controller\OrderController.class.php 第 493 行.

[ 2022-03-31T17:15:45+08:00 ] 192.168.0.139 /flower-php/index.php/Home/Signup/userinfo
INFO: [ app_begin ] --START--
INFO: Run Behavior\ReadHtmlCache [ RunTime:0.000505s ]
INFO: [ app_begin ] --END-- [ RunTime:0.001283s ]

[ 2022-03-31T17:15:56+08:00 ] 192.168.0.139 /flower-php/index.php/Home/Goods/list
INFO: [ app_begin ] --START--
INFO: Run Behavior\ReadHtmlCache [ RunTime:0.001054s ]
INFO: [ app_begin ] --END-- [ RunTime:0.002540s ]
NOTIC: [8] Undefined index: page C:\phpStudy\PHPTutorial\WWW\flower-php\Application\Home\Controller\GoodsController.class.php 第 18 行.
NOTIC: [8] Undefined index: type C:\phpStudy\PHPTutorial\WWW\flower-php\Application\Home\Controller\GoodsController.class.php 第 19 行.
SQL: SHOW COLUMNS FROM `goods` [ RunTime:0.016304s ]
SQL: SELECT * FROM `goods` WHERE ( counts > 0  ) LIMIT 0,10   [ RunTime:0.015260s ]

[ 2022-03-31T17:15:57+08:00 ] 192.168.0.139 /flower-php/index.php/Home/Signup/userinfo
INFO: [ app_begin ] --START--
INFO: Run Behavior\ReadHtmlCache [ RunTime:0.001019s ]
INFO: [ app_begin ] --END-- [ RunTime:0.003041s ]

[ 2022-03-31T17:16:15+08:00 ] 192.168.0.139 /flower-php/index.php/Home/Signup/login
INFO: [ app_begin ] --START--
INFO: Run Behavior\ReadHtmlCache [ RunTime:0.001426s ]
INFO: [ app_begin ] --END-- [ RunTime:0.003664s ]
SQL: SHOW COLUMNS FROM `user` [ RunTime:0.029127s ]
SQL: SELECT * FROM `user` WHERE (  userName =  '孙' ) LIMIT 1   [ RunTime:0.034395s ]
SQL: UPDATE `user` SET `token`='4fd83aec8f48e7d4a83ca7fcb4a8f09b',`mtime`=1648718175 WHERE ( id=5 ) [ RunTime:0.018191s ]

[ 2022-03-31T17:16:15+08:00 ] 192.168.0.139 /flower-php/index.php/Home/Signup/userinfo
INFO: [ app_begin ] --START--
INFO: Run Behavior\ReadHtmlCache [ RunTime:0.000579s ]
INFO: [ app_begin ] --END-- [ RunTime:0.001519s ]
SQL: SHOW COLUMNS FROM `user` [ RunTime:0.016195s ]
SQL: SELECT * FROM `user` WHERE (  id =  '5' ) LIMIT 1   [ RunTime:0.020228s ]

[ 2022-03-31T17:35:55+08:00 ] 192.168.0.139 /flower-php/index.php/Home/Order/list
INFO: [ app_begin ] --START--
INFO: Run Behavior\ReadHtmlCache [ RunTime:0.001271s ]
INFO: [ app_begin ] --END-- [ RunTime:0.003353s ]
NOTIC: [8] Array to string conversion C:\phpStudy\PHPTutorial\WWW\flower-php\Application\Home\Controller\OrderController.class.php 第 493 行.
SQL: SHOW COLUMNS FROM `user` [ RunTime:0.017000s ]
SQL: SELECT * FROM `user` WHERE (  id =  '5' ) LIMIT 1   [ RunTime:0.011171s ]

[ 2022-03-31T17:36:30+08:00 ] 192.168.0.139 /flower-php/index.php/Home/Order/list
INFO: [ app_begin ] --START--
INFO: Run Behavior\ReadHtmlCache [ RunTime:0.000794s ]
INFO: [ app_begin ] --END-- [ RunTime:0.001968s ]
NOTIC: [8] Array to string conversion C:\phpStudy\PHPTutorial\WWW\flower-php\Application\Home\Controller\OrderController.class.php 第 493 行.
SQL: SHOW COLUMNS FROM `user` [ RunTime:0.015013s ]
SQL: SELECT * FROM `user` WHERE (  id =  '5' ) LIMIT 1   [ RunTime:0.011392s ]

[ 2022-03-31T17:36:35+08:00 ] 192.168.0.139 /flower-php/index.php/Home/Signup/userinfo
INFO: [ app_begin ] --START--
INFO: Run Behavior\ReadHtmlCache [ RunTime:0.000884s ]
INFO: [ app_begin ] --END-- [ RunTime:0.002236s ]
SQL: SHOW COLUMNS FROM `user` [ RunTime:0.010492s ]
SQL: SELECT * FROM `user` WHERE (  id =  '5' ) LIMIT 1   [ RunTime:0.011200s ]

[ 2022-03-31T17:36:37+08:00 ] 192.168.0.139 /flower-php/index.php/Home/Shoppingcart/cartlist
INFO: [ app_begin ] --START--
INFO: Run Behavior\ReadHtmlCache [ RunTime:0.001108s ]
INFO: [ app_begin ] --END-- [ RunTime:0.002718s ]
SQL: SHOW COLUMNS FROM `user` [ RunTime:0.015121s ]
SQL: SELECT * FROM `user` WHERE (  id =  '5' ) LIMIT 1   [ RunTime:0.013092s ]
SQL: SHOW COLUMNS FROM `shoppingcart` [ RunTime:0.012336s ]
SQL: SELECT * FROM `shoppingcart` WHERE ( uid = 5 )  [ RunTime:0.010648s ]
SQL: SHOW COLUMNS FROM `goods` [ RunTime:0.014997s ]
SQL: SHOW COLUMNS FROM `goodsimg` [ RunTime:0.010901s ]
SQL: SHOW COLUMNS FROM `goodstype` [ RunTime:0.011741s ]
SQL: SELECT * FROM `goods` WHERE ( id = 10 ) LIMIT 1   [ RunTime:0.010533s ]
SQL: SELECT `img_url` FROM `goodsimg` WHERE ( goods_id = 10 )  [ RunTime:0.010652s ]
SQL: SELECT * FROM `goodstype` WHERE ( id = 37 )  [ RunTime:0.224604s ]

[ 2022-03-31T17:36:42+08:00 ] 192.168.0.139 /flower-php/index.php/Home/Order/list
INFO: [ app_begin ] --START--
INFO: Run Behavior\ReadHtmlCache [ RunTime:0.000953s ]
INFO: [ app_begin ] --END-- [ RunTime:0.002107s ]
NOTIC: [8] Array to string conversion C:\phpStudy\PHPTutorial\WWW\flower-php\Application\Home\Controller\OrderController.class.php 第 493 行.
SQL: SHOW COLUMNS FROM `user` [ RunTime:0.010618s ]
SQL: SELECT * FROM `user` WHERE (  id =  '5' ) LIMIT 1   [ RunTime:0.011010s ]
SQL: SHOW COLUMNS FROM `order` [ RunTime:0.020936s ]
SQL: SHOW COLUMNS FROM `goods` [ RunTime:0.010499s ]
SQL: SHOW COLUMNS FROM `ordersub` [ RunTime:0.013133s ]
SQL: SELECT * FROM `order` WHERE ( uid = 5 )  [ RunTime:0.009879s ]
SQL: SELECT * FROM `ordersub` WHERE ( order_id = 4 )  [ RunTime:0.009971s ]
SQL: SELECT * FROM `goods` WHERE ( id = 1 ) LIMIT 1   [ RunTime:0.009353s ]

[ 2022-03-31T17:44:54+08:00 ] 192.168.0.139 /flower-php/index.php/Home/Order/list
INFO: [ app_begin ] --START--
INFO: Run Behavior\ReadHtmlCache [ RunTime:0.000718s ]
INFO: [ app_begin ] --END-- [ RunTime:0.001853s ]
SQL: SHOW COLUMNS FROM `user` [ RunTime:0.010155s ]
SQL: SELECT * FROM `user` WHERE (  id =  '5' ) LIMIT 1   [ RunTime:0.012323s ]

[ 2022-03-31T17:44:55+08:00 ] 192.168.0.139 /flower-php/index.php/Home/Order/list
INFO: [ app_begin ] --START--
INFO: Run Behavior\ReadHtmlCache [ RunTime:0.001563s ]
INFO: [ app_begin ] --END-- [ RunTime:0.003218s ]
SQL: SHOW COLUMNS FROM `user` [ RunTime:0.012246s ]
SQL: SELECT * FROM `user` WHERE (  id =  '5' ) LIMIT 1   [ RunTime:0.011674s ]
SQL: SHOW COLUMNS FROM `order` [ RunTime:0.009418s ]
SQL: SHOW COLUMNS FROM `goods` [ RunTime:0.015253s ]
SQL: SHOW COLUMNS FROM `ordersub` [ RunTime:0.010079s ]
SQL: SELECT * FROM `order` WHERE ( uid = 5 )  [ RunTime:0.009739s ]
SQL: SELECT * FROM `ordersub` WHERE ( order_id = 4 )  [ RunTime:0.009038s ]
SQL: SELECT * FROM `goods` WHERE ( id = 1 ) LIMIT 1   [ RunTime:0.223787s ]

[ 2022-03-31T17:45:00+08:00 ] 192.168.0.139 /flower-php/index.php/Home/Order/list
INFO: [ app_begin ] --START--
INFO: Run Behavior\ReadHtmlCache [ RunTime:0.000882s ]
INFO: [ app_begin ] --END-- [ RunTime:0.002131s ]
SQL: SHOW COLUMNS FROM `user` [ RunTime:0.012812s ]
SQL: SELECT * FROM `user` WHERE (  id =  '5' ) LIMIT 1   [ RunTime:0.013415s ]
SQL: SHOW COLUMNS FROM `order` [ RunTime:0.011717s ]
SQL: SHOW COLUMNS FROM `goods` [ RunTime:0.012580s ]
SQL: SHOW COLUMNS FROM `ordersub` [ RunTime:0.012049s ]
SQL: SELECT * FROM `order` WHERE ( uid = 5 )  [ RunTime:0.011776s ]
SQL: SELECT * FROM `ordersub` WHERE ( order_id = 4 )  [ RunTime:0.011092s ]
SQL: SELECT * FROM `goods` WHERE ( id = 1 ) LIMIT 1   [ RunTime:0.011348s ]

[ 2022-03-31T17:49:41+08:00 ] 192.168.0.139 /flower-php/index.php/Home/Order/list
INFO: [ app_begin ] --START--
INFO: Run Behavior\ReadHtmlCache [ RunTime:0.001184s ]
INFO: [ app_begin ] --END-- [ RunTime:0.002695s ]
SQL: SHOW COLUMNS FROM `user` [ RunTime:0.010567s ]
SQL: SELECT * FROM `user` WHERE (  id =  '5' ) LIMIT 1   [ RunTime:0.010118s ]
SQL: SHOW COLUMNS FROM `order` [ RunTime:0.009471s ]
SQL: SHOW COLUMNS FROM `goods` [ RunTime:0.010921s ]
SQL: SHOW COLUMNS FROM `ordersub` [ RunTime:0.012825s ]
SQL: SELECT * FROM `order` WHERE ( uid = 5 )  [ RunTime:0.010842s ]
SQL: SELECT * FROM `ordersub` WHERE ( order_id = 4 )  [ RunTime:0.010117s ]
SQL: SELECT * FROM `goods` WHERE ( id = 1 ) LIMIT 1   [ RunTime:0.010536s ]

[ 2022-03-31T17:57:11+08:00 ] 192.168.0.139 /flower-php/index.php/Home/Order/list
INFO: [ app_begin ] --START--
INFO: Run Behavior\ReadHtmlCache [ RunTime:0.001397s ]
INFO: [ app_begin ] --END-- [ RunTime:0.003428s ]
SQL: SHOW COLUMNS FROM `user` [ RunTime:0.016913s ]
SQL: SELECT * FROM `user` WHERE (  id =  '5' ) LIMIT 1   [ RunTime:0.011623s ]

[ 2022-03-31T17:57:12+08:00 ] 192.168.0.139 /flower-php/index.php/Home/Order/list
INFO: [ app_begin ] --START--
INFO: Run Behavior\ReadHtmlCache [ RunTime:0.001406s ]
INFO: [ app_begin ] --END-- [ RunTime:0.003458s ]
SQL: SHOW COLUMNS FROM `user` [ RunTime:0.012544s ]
SQL: SELECT * FROM `user` WHERE (  id =  '5' ) LIMIT 1   [ RunTime:0.012101s ]
SQL: SHOW COLUMNS FROM `order` [ RunTime:0.013462s ]
SQL: SHOW COLUMNS FROM `goods` [ RunTime:0.012028s ]
SQL: SHOW COLUMNS FROM `ordersub` [ RunTime:0.012013s ]
SQL: SELECT * FROM `order` WHERE ( uid = 5 )  [ RunTime:0.012147s ]
SQL: SELECT * FROM `ordersub` WHERE ( order_id = 4 )  [ RunTime:0.011504s ]
SQL: SELECT * FROM `goods` WHERE ( id = 1 ) LIMIT 1   [ RunTime:0.011540s ]

[ 2022-03-31T17:57:38+08:00 ] 192.168.0.139 /flower-php/index.php/Home/Order/list
INFO: [ app_begin ] --START--
INFO: Run Behavior\ReadHtmlCache [ RunTime:0.000688s ]
INFO: [ app_begin ] --END-- [ RunTime:0.001641s ]
SQL: SHOW COLUMNS FROM `user` [ RunTime:0.015003s ]
SQL: SELECT * FROM `user` WHERE (  id =  '5' ) LIMIT 1   [ RunTime:0.015517s ]

[ 2022-03-31T17:57:39+08:00 ] 192.168.0.139 /flower-php/index.php/Home/Order/list
INFO: [ app_begin ] --START--
INFO: Run Behavior\ReadHtmlCache [ RunTime:0.000821s ]
INFO: [ app_begin ] --END-- [ RunTime:0.002032s ]
SQL: SHOW COLUMNS FROM `user` [ RunTime:0.018991s ]
SQL: SELECT * FROM `user` WHERE (  id =  '5' ) LIMIT 1   [ RunTime:0.014810s ]
SQL: SHOW COLUMNS FROM `order` [ RunTime:0.229581s ]
SQL: SHOW COLUMNS FROM `goods` [ RunTime:0.446710s ]
SQL: SHOW COLUMNS FROM `ordersub` [ RunTime:0.017553s ]
SQL: SELECT * FROM `order` WHERE ( uid = 5 )  [ RunTime:0.014590s ]
SQL: SELECT * FROM `ordersub` WHERE ( order_id = 4 )  [ RunTime:0.013846s ]
SQL: SELECT * FROM `goods` WHERE ( id = 1 ) LIMIT 1   [ RunTime:0.014491s ]

[ 2022-03-31T17:58:27+08:00 ] 192.168.0.139 /flower-php/index.php/Home/Order/list
INFO: [ app_begin ] --START--
INFO: Run Behavior\ReadHtmlCache [ RunTime:0.000526s ]
INFO: [ app_begin ] --END-- [ RunTime:0.001319s ]
SQL: SHOW COLUMNS FROM `user` [ RunTime:0.010956s ]
SQL: SELECT * FROM `user` WHERE (  id =  '5' ) LIMIT 1   [ RunTime:0.010331s ]
SQL: SHOW COLUMNS FROM `order` [ RunTime:0.009864s ]
SQL: SHOW COLUMNS FROM `goods` [ RunTime:0.010200s ]
SQL: SHOW COLUMNS FROM `ordersub` [ RunTime:0.009356s ]
SQL: SELECT * FROM `order` WHERE ( uid = 5 )  [ RunTime:0.010732s ]
SQL: SELECT * FROM `ordersub` WHERE ( order_id = 4 )  [ RunTime:0.015329s ]
SQL: SELECT * FROM `goods` WHERE ( id = 1 ) LIMIT 1   [ RunTime:0.009528s ]

[ 2022-03-31T17:58:27+08:00 ] 192.168.0.139 /flower-php/index.php/Home/Order/list
INFO: [ app_begin ] --START--
INFO: Run Behavior\ReadHtmlCache [ RunTime:0.000526s ]
INFO: [ app_begin ] --END-- [ RunTime:0.001337s ]
SQL: SHOW COLUMNS FROM `user` [ RunTime:0.016801s ]
SQL: SELECT * FROM `user` WHERE (  id =  '5' ) LIMIT 1   [ RunTime:0.010399s ]

